500
0 0 4644
1  0 4644
2  0 578
3  0 79
4  0 2240
5  0 1668
6  0 4721
7  0 8040
8  0 8140
9  0 4644
10  0 2240
11  0 2240
12  0 2240
13  0 7837
14  0 4644
15  0 3005
16  0 4644
17  0 4721
18  0 2240
19  0 3743
20  0 2279
21  0 1668
22  0 4644
23  0 2240
24  0 3005
25  0 4721
26  0 4644
27  0 7155
28  0 2240
29  0 1336
30  0 4644
31  0 578
32  0 8040
33  0 3005
34  0 3005
35  0 4644
36  0 3523
37  0 9640
38  0 790
39  0 4726
40  0 3005
41  0 2962
42  0 2240
43  0 790
44  0 2240
45  0 6506
46  0 3005
47  0 4726
48  0 3005
49  0 4644
50  0 4644
51  0 3523
52  0 3005
53  0 8549
54  0 2240
55  0 8040
56  0 3005
57  0 3005
58  0 2279
59  0 4766
60  0 3005
61  0 3005
62  0 4721
63  0 4293
64  0 8618
65  0 2486
66  0 6258
67  0 8040
68  0 2551
69  0 4644
70  0 2240
71  0 3005
72  0 3523
73  0 4644
74  0 2240
75  0 6258
76  0 3005
77  0 3005
78  0 2279
79  0 2240
80  0 6258
81  0 4644
82  0 2240
83  0 3743
84  0 2486
85  0 2486
86  0 4644
87  0 4644
88  0 3005
89  0 4644
90  0 9968
91  0 2240
92  0 9265
93  0 2240
94  0 3005
95  0 2240
96  0 2240
97  0 3005
98  0 2240
99  0 79
100  0 578
101  0 3005
102  0 2240
103  0 1181
104  0 3005
105  0 4721
106  0 2240
107  0 9968
108  0 871
109  0 871
110  0 1581
111  0 2240
112  0 3005
113  0 3005
114  0 79
115  0 2240
116  0 4644
117  0 935
118  0 2240
119  0 3005
120  0 6258
121  0 3005
122  0 2240
123  0 2240
124  0 9968
125  0 4644
126  0 3005
127  0 2240
128  0 4644
129  0 578
130  0 5330
131  0 2240
132  0 3005
133  0 4644
134  0 2240
135  0 3888
136  0 2787
137  0 3005
138  0 3523
139  0 2240
140  0 3005
141  0 2962
142  0 3005
143  0 2240
144  0 3743
145  0 2240
146  0 366
147  0 9968
148  0 2240
149  0 4407
150  0 2279
151  0 4644
152  0 2240
153  0 9636
154  0 3523
155  0 790
156  0 2279
157  0 6258
158  0 4644
159  0 871
160  0 2240
161  0 4644
162  0 472
163  0 9398
164  0 4644
165  0 2240
166  0 935
167  0 2240
168  0 2240
169  0 578
170  0 9640
171  0 2240
172  0 578
173  0 3005
174  0 9968
175  0 4644
176  0 3005
177  0 3005
178  0 2279
179  0 3005
180  0 1668
181  0 2279
182  0 4644
183  0 9968
184  0 3005
185  0 3005
186  0 2962
187  0 4644
188  0 4644
189  0 4407
190  0 2240
191  0 2240
192  0 4644
193  0 4407
194  0 3005
195  0 79
196  0 4644
197  0 2279
198  0 8342
199  0 4644
200  0 2279
201  0 8140
202  0 3005
203  0 3005
204  0 2279
205  0 4644
206  0 6258
207  0 2240
208  0 3005
209  0 2240
210  0 1668
211  0 3005
212  0 2240
213  0 4644
214  0 3005
215  0 3005
216  0 4644
217  0 2240
218  0 3743
219  0 6258
220  0 3005
221  0 4644
222  0 6258
223  0 790
224  0 2240
225  0 4644
226  0 2240
227  0 4644
228  0 3005
229  0 2240
230  0 4644
231  0 3005
232  0 4726
233  0 246
234  0 2279
235  0 1181
236  0 2240
237  0 2240
238  0 935
239  0 2240
240  0 3005
241  0 3005
242  0 3005
243  0 4644
244  0 6258
245  0 578
246  0 1336
247  0 2240
248  0 3005
249  0 2240
250  0 3005
251  0 2240
252  0 2240
253  0 2240
254  0 3005
255  0 2240
256  0 2240
257  0 2240
258  0 2962
259  0 4644
260  0 2240
261  0 2240
262  0 4644
263  0 2240
264  0 1336
265  0 2240
266  0 3005
267  0 6258
268  0 4644
269  0 3005
270  0 4644
271  0 3005
272  0 4721
273  0 2240
274  0 4293
275  0 3005
276  0 2240
277  0 2240
278  0 2240
279  0 2240
280  0 2240
281  0 3005
282  0 4644
283  0 1336
284  0 871
285  0 3153
286  0 3005
287  0 2240
288  0 2240
289  0 4644
290  0 4644
291  0 4726
292  0 578
293  0 4407
294  0 4644
295  0 2962
296  0 4644
297  0 4985
298  0 4644
299  0 1668
300  0 4293
301  0 3743
302  0 2962
303  0 2279
304  0 578
305  0 9968
306  0 3005
307  0 2240
308  0 2240
309  0 5330
310  0 4644
311  0 1336
312  0 4644
313  0 2787
314  0 1668
315  0 4644
316  0 4644
317  0 2962
318  0 3743
319  0 6859
320  0 4644
321  0 3005
322  0 4644
323  0 79
324  0 4644
325  0 1336
326  0 4407
327  0 3005
328  0 4644
329  0 2962
330  0 246
331  0 4644
332  0 3005
333  0 3743
334  0 4721
335  0 2240
336  0 4644
337  0 3005
338  0 578
339  0 6258
340  0 7232
341  0 2240
342  0 3005
343  0 9968
344  0 9301
345  0 2787
346  0 2240
347  0 2279
348  0 4644
349  0 4644
350  0 4644
351  0 2240
352  0 2240
353  0 2240
354  0 2240
355  0 2240
356  0 3005
357  0 4644
358  0 9968
359  0 1336
360  0 3005
361  0 3005
362  0 4644
363  0 2240
364  0 2240
365  0 2240
366  0 4644
367  0 4644
368  0 2240
369  0 3005
370  0 2962
371  0 2240
372  0 4721
373  0 6258
374  0 2240
375  0 4644
376  0 9968
377  0 3523
378  0 3005
379  0 3005
380  0 2279
381  0 4644
382  0 6506
383  0 2240
384  0 4644
385  0 4644
386  0 3005
387  0 1336
388  0 3005
389  0 2240
390  0 935
391  0 4721
392  0 871
393  0 9968
394  0 3005
395  0 4644
396  0 7837
397  0 9968
398  0 4644
399  0 2240
400  0 2240
401  0 9968
402  0 3005
403  0 2240
404  0 3153
405  0 4644
406  0 2240
407  0 9968
408  0 79
409  0 3417
410  0 3005
411  0 366
412  0 2240
413  0 4644
414  0 2240
415  0 1668
416  0 3523
417  0 2240
418  0 9968
419  0 246
420  0 4766
421  0 2240
422  0 6840
423  0 2279
424  0 6258
425  0 2240
426  0 3005
427  0 2240
428  0 3005
429  0 6258
430  0 6258
431  0 9968
432  0 9968
433  0 4644
434  0 2279
435  0 1336
436  0 2240
437  0 9968
438  0 3473
439  0 2962
440  0 6506
441  0 3005
442  0 3005
443  0 4293
444  0 4644
445  0 79
446  0 9968
447  0 79
448  0 4644
449  0 3005
450  0 4644
451  0 2240
452  0 578
453  0 2279
454  0 2240
455  0 2741
456  0 4644
457  0 4086
458  0 3523
459  0 2240
460  0 2240
461  0 2279
462  0 6258
463  0 6258
464  0 4644
465  0 9968
466  0 3005
467  0 3005
468  0 4644
469  0 3005
470  0 9968
471  0 3005
472  0 3005
473  0 2279
474  0 1181
475  0 2240
476  0 4644
477  0 4644
478  0 3005
479  0 4644
480  0 4644
481  0 3005
482  0 4644
483  0 8140
484  0 6258
485  0 3005
486  0 3005
487  0 2240
488  0 6258
489  0 4644
490  0 2240
491  0 935
492  0 4293
493  0 8040
494  0 3005
495  0 2240
496  0 2240
497  0 3005
498  0 4644
499  0 3005