100
0 0 1051
1  0 1051
2  0 1051
3  0 1051
4  0 1051
5  0 1051
6  0 1051
7  0 1051
8  0 1051
9  0 1051
10  0 1051
11  0 1051
12  0 1051
13  0 1051
14  0 1051
15  0 1051
16  0 1051
17  0 1051
18  0 1051
19  0 1051
20  0 1051
21  0 1051
22  0 1051
23  0 1051
24  0 1051
25  0 1051
26  0 1051
27  0 1051
28  0 1051
29  0 1051
30  0 1051
31  0 1051
32  0 1051
33  0 1051
34  0 1051
35  0 1051
36  0 1051
37  0 1051
38  0 1051
39  0 1051
40  0 1051
41  0 1051
42  0 1051
43  0 1051
44  0 1051
45  0 1051
46  0 1051
47  0 1051
48  0 1051
49  0 1051
50  0 1051
51  0 1051
52  0 1051
53  0 1051
54  0 1051
55  0 1051
56  0 1051
57  0 1051
58  0 1051
59  0 1051
60  0 1051
61  0 1051
62  0 1051
63  0 1051
64  0 1051
65  0 1051
66  0 1051
67  0 1051
68  0 1051
69  0 1051
70  0 1051
71  0 1051
72  0 1051
73  0 1051
74  0 1051
75  0 1051
76  0 1051
77  0 1051
78  0 1051
79  0 1051
80  0 1051
81  0 1051
82  0 1051
83  0 1051
84  0 1051
85  0 1051
86  0 1051
87  0 1051
88  0 1051
89  0 1051
90  0 1051
91  0 1051
92  0 1051
93  0 1051
94  0 1051
95  0 1051
96  0 1051
97  0 1051
98  0 1051
99  0 1051