100
0 6 463 6052 2329 32 720 31 93 88 92 1299 194 7 1333 519 91 624 1862 165 5046 555 3755 104 130 3604 357 181 75 157 8 1384
1 17 2128 38 0 65 28 470 1581 1023 64 14 15 4 1363 3765 422 10 24 2 178 892 1 5 2035 199 5011 1871 3450 11 3 2908 162 1780 141 1290 252
2 590 28 22 54 158 1289 1553 34 97 45 77 3124 15 7056 3878 38 57 3425 7 268 3797 510 252 2428 10 1948 967 1389 259 909 67 9589 30 705 80 139 1562 7798 371 240 1604 193 3756 3244
3 7231 313 513 712 2784 12 276 144 851 259 21 4363 35 82 106 776 352 3490 28 87 354 81 374 1005 3142 853 161 4682 3180 101 7023 54 4347 6163 155
4 3692 2260 154 136 2431 446 6205 76 1857 2022 34 299 109 44 2445 4791 29 488 3411 145 6760 247 666 4415 2720 2585 171 2112 3783 400 660 3767
5 3 524 1292 93 94 28 35 5609 120 52 217 17 1540 5208 5 75 143 97 32 4752 57 621 3513 1697 784 78 82 1787 1517 216 10 2490 175 809 19 1065 859 3110
6 163 4242 165 162 245 115 1880 38 1466 320 6629 308 124 71 514 907 1391 8892 5760 113 651 154 5666 669 319 110 112 7905 8911 65 686 7624
7 169 9109 3698 833 569 1000 7 5 63 332 8486 1452 44 3 92 177 302 236 2096 496 1 27 47 94 6031 3842 3228 2876 12 126 2491 115 11 3424 8955 7624
8 2561 12 101 89 312 8614 8 984 32 2671 24 7135 7176 398 54 198 3543 68 623 950 318 5472 1057 16 5865 185 29 265 7 660 404
9 0 5226 353 1 12 19 2131 6 1270 248 2725 31 733 630 110 25 1545 33 100 11 7941 4 75 3 858 204 2170 145 229 8 69 197 176 138 1077 6729
10 1286 2203 1506 2932 36 269 0 4 5 8157 14 3801 18 27 22 1 268 75 4190 55 4978 239 381 178 716 12 1415 38 3164 832 187 6543 8 2848 1737
11 742 705 97 7328 3204 214 1558 47 28 239 1828 670 19 13 1566 15 523 3350 37 551 3163 84 27 9913 6238 635 963 4448 112 4628 659 2 756 1096 324 7 8450
12 0 266 4 3558 377 1 20 288 181 52 68 3 8906 8 4167 902 2 7 133 12 11 488 4150 117 3887 23 5762 13 1733 40 261 125 19 1613 3441 138 1263 1310
13 3081 1948 602 174 16 9205 422 33 2206 213 140 4336 866 4699 1010 40 502 806 5834 750 11 7810 2142 22 98 426 784 1108 227 30 3943 249 96 7382 316 4100 37 236
14 2925 1244 159 11 5427 1216 174 886 39 6570 801 3001 30 457 102 2014 100 325 45 103 708 9559 8168 3839 22 35 57 2225 5404 167 332 5 1053 1694 1807 641 1183 176 2153
15 21 0 2 362 466 396 25 584 59 1394 160 66 26 1270 131 9592 314 898 1606 11 9 8 9085 930 1053 5429 1001 885 145 33 93 500 27 484 4148 356
16 1418 7367 209 4104 1189 1959 110 2751 1116 2083 1428 295 722 7364 8938 20 602 7774 137 788 2205 279 49 275 6662 25 3660 1097 42 9225 90 1315
17 1743 4791 5893 186 70 6 2571 1927 5782 591 11 4 20 61 122 390 357 352 637 3731 29 1527 32 8868 45 84 3900 879 307 1182 49 57 135 193 2067 138 968
18 1457 712 3330 3 122 79 42 2040 314 6061 773 496 3036 362 6658 3116 1687 639 7214 4102 5 2 1271 9 43 11 367 46 57 269 176 554 7984
19 388 76 120 81 283 17 6 188 184 30 58 9736 1026 28 3758 104 57 826 75 690 821 21 165 31 154 147 25 88 149 4783 42 4090 3477 138
20 2 1 14 1880 89 15 10 1797 149 2153 3575 249 652 8724 706 19 5526 1321 39 137 1210 127 364 1052 8 181 3899 77 1713 9798 17 825 120 138 1290
21 3 0 109 14 57 25 125 121 8 9677 44 13 4397 15 9373 20 150 200 66 4 302 100 2947 1 65 118 4020 69 199 35 1037 2 177 27 2316 7242 4247 2264 2848
22 1851 4 751 0 3 26 7480 7 3009 2450 2 822 863 56 20 6747 9 125 205 471 5734 39 546 23 1787 446 48 2256 163 1496 5 28 5924 19 9517 859 1290 1310 5926
23 10 150 187 1201 53 758 261 947 23 19 183 894 74 375 572 281 17 99 162 18 842 1925 52 37 2282 7202 3 2429 5350 3002 34 355 2736 5333 1334 6698
24 286 724 175 236 769 0 139 67 5 7864 24 59 216 13 1926 382 5459 90 2492 160 1 287 550 30 5294 7 426 1253 118 5167 4113 9 1364 1112 596 69
25 6 17 4911 3 130 23 5 6260 10 178 4722 32 2725 179 769 542 1416 4216 301 158 104 12 19 261 7636 18 425 280 233 5532 558 1532 166 120 148 583
26 1485 152 1077 90 3 105 1072 12 33 170 15 61 30 168 842 5929 52 38 2408 1 2399 1019 23 162 637 513 110 62 5205 2924 214 291 16 158 1395 211 1951
27 122 546 23 4962 6 171 238 1 29 220 1329 3 7155 18 39 11 9 7 256 463 37 16 2243 297 192 3643 151 263 4017 187 132 1122 482
28 332 30 2557 830 7971 47 9407 78 196 1193 815 402 6481 1788 755 37 104 531 63 225 980 32 164 301 55 8 1917 4955 159 588 293 444 8729 2272 67 1324 70 145 1587 914 968 9517 1263
29 861 32 8917 48 2087 5592 75 28 1825 241 139 37 681 417 12 551 35 19 1616 23 1866 5 1178 309 594 4600 2985 1157 969 1007 441 95 286 4921 74 2216 83 2291
30 2014 446 1818 2647 8365 28 1298 1759 234 418 223 885 4117 120 465 340 2527 191 79 109 1349 4723 62 3309 15 944 595 1038 59 621 773 2692 3927 9285
31 36 5485 68 578 0 51 2 6 4 975 1756 741 6705 237 9 4818 9248 89 22 26 190 14 1 398 8 66 92 44 49 890 1989 58 4259 1159 19 63 197
32 4334 2 21 1498 0 1506 280 1039 10 46 1325 1 13 119 9862 3 9575 4857 1579 2700 180 169 80 107 362 518 160 3160 121 76 105 4625 1151 155 554 2486 5921 3849
33 1 4 2425 6 16 3 53 5 2207 204 3513 651 1889 5364 111 43 431 6005 457 660 15 2 497 400 1917 47 4498 17 36 38 532 1061 8 686 2848 7585 3097
34 1813 2 876 20 3764 594 60 2417 2254 4229 1878 5850 858 67 3125 1825 169 4723 329 822 40 36 4977 170 92 11 95 31 438 411 2115 63 6424 30 28 2504 6604 184 7594 1737
35 502 3537 102 1959 1830 22 85 73 101 128 123 3790 9 10 388 6077 3020 350 907 9230 184 1452 1061 996 8313 791 28 50 2239 4472 1017 3555 23 87 121 5895 120
36 56 465 1886 40 262 4553 2930 327 49 128 1027 4889 144 7135 2108 11 2377 724 410 5322 9207 2647 2298 41 1501 1912 657 634 688 5049 9246 1783 907 797
37 0 1 2469 514 4 6 14 146 19 548 114 201 65 16 9 57 444 35 21 9952 3218 54 7 8 5 36 2776 268 140 32 263 3222 1752 41 169 44 27 155 1482 3097
38 848 298 562 320 757 77 132 3449 27 119 253 666 17 31 222 2095 2191 170 1118 349 150 4032 489 1303 100 5447 166 293 25 4361 1714 9138
39 0 145 16 257 2 25 102 3911 1857 8 80 344 3 194 600 23 14 10 130 34 143 9 250 2229 30 547 644 1879 2758 99 5634 11 1153 184 583 176 4768 797 5381
40 23 116 55 31 165 649 2415 453 234 5154 173 527 2096 4405 552 85 20 1087 48 1726 2254 22 4260 383 4500 6373 184 166
41 752 3003 14 3 224 1 305 2270 9 37 500 50 39 1965 9767 84 4 105 133 16 128 0 44 1324 2453 97 1562 309 6 241 2151 1809 2831 118 176 900 554 797
42 7 76 32 2325 5 0 262 603 119 227 937 14 1 1944 11 46 213 95 1717 16 23 1211 1999 7360 72 93 27 21 6192 67 19 708
43 8855 1232 14 219 50 5029 51 3662 534 154 1854 369 127 990 46 418 473 7038 2896 461 504 9017 5124 1353 2507 1721 182 5603 451 26 2803 28 6507 551 785 1298 74 5661 5381
44 15 2974 891 246 73 207 33 377 231 44 422 1666 1907 98 40 104 36 214 317 326 64 945 1401 88 6524 603 853 1086 2983 63 4226 1263
45 1 120 13 2439 40 6 15 9804 5932 476 3573 368 7479 8 108 2425 36 408 11 2 595 310 46 17 27 7 3475 169 455 5564 9569 7584 966 7627 332 30 4834 23 129 135 5661 6459 2818 1482
46 22 2 201 1 3 1183 0 1361 9864 20 46 5 1013 159 136 4 1502 18 152 9 1934 1697 1561 761 13 174 12 744 6 154 387 253 243 69
47 81 1 2 45 871 39 868 4 466 5 4060 1680 9 14 8489 8614 35 16 140 7322 685 6 3022 287 96 1893 492 2522 1307 262 436 996 8 484 138 2264 1495
48 0 3082 3025 1375 1097 7 19 131 1023 156 256 54 10 133 36 568 75 68 4821 102 62 48 4246 39 465 4252 366 9 4476 15 79 6403 4247 138
49 19 2 1260 473 103 4207 4410 8 1504 5221 4 108 0 1677 15 140 1885 3 71 433 21 1026 7 11 95 186 196 5 277 259 2100 7075 198 899 138 1671
50 18 98 349 59 218 7631 10 154 44 45 1147 61 1695 2300 7258 970 2693 178 269 195 1589 77 1038 14 32 51 133 5210 1599 415 2872 126 900
51 2148 508 40 16 7 0 7711 5031 4 53 1 143 104 180 2 6211 304 780 12 99 52 6 18 1415 160 39 2642 426 157 1692
52 178 982 203 41 505 213 109 1953 2178 4855 1651 5625 4625 2928 2807 424 4049 753 315 483 55 1448 22 2512 106 6552 1445 197 1591 5851
53 0 360 6 10 136 7559 4 1224 1864 124 1443 437 5415 121 325 1209 1558 8660 73 29 1677 558 23 1037 1912 251 790 357 49 342 2857 583
54 622 349 147 3799 380 15 59 17 689 11 4154 88 24 56 109 174 208 86 5 8806 735 40 7 42 2931 39 490 413 27 372 2177 968
55 13 43 704 458 84 36 7 1 310 8325 943 0 1009 27 38 2 11 14 108 6 656 3 56 155 18 116 4 2448 110 2105 24 20 17 15 1283 9 1184 6887 725 3102 1737 1502
56 19 799 70 45 178 16 17 6 1067 4571 1476 33 41 10 1890 868 21 48 804 26 5117 528 470 32 18 1130 14 64 27 302 274 850 1502 5276 2264
57 4 28 39 45 9 10 11 102 25 592 5 33 6 21 223 2102 2836 111 80 375 6686 1442 243 390 20 2359 4648 1721 6692 1291 1776 8104 636 3831 468 3975
58 1248 6005 91 47 5 205 1363 371 1271 1153 1787 156 2 74 1067 178 139 6188 1614 232 9212 7460 76 113 6483 99 4 1338 3516 15 6652 187 7858 121 35 126 120
59 32 3843 1655 7979 64 225 54 149 5376 3962 83 56 3908 2187 979 536 293 7607 910 323 2485 256 8969 2622 2104 2732 542 1191 479 103 6 1745 243 684 252 2060
60 18 3616 690 773 32 124 713 412 174 586 99 4327 49 261 2624 2669 214 4567 115 264 16 6818 88 5442 192
61 181 1909 1650 175 650 405 2693 17 206 1478 1824 780 1659 107 3964 318 599 520 347 29 1772 87 19 192 135 546 2430 787 793 132 157 1949 623 631 342 7915 968
62 4476 2 6 177 938 64 16 133 4 1871 36 33 831 580 4533 49 418 8855 120 52 28 47 50 1173 164 5 1282 70 719 378 1310
63 7121 138 71 0 13 12 23 2209 476 1524 2 287 26 22 24 29 487 1133 890 968 3935 140 80 4 79 509 279 167 3320 11 3 320 61 44 57 583
64 3713 32 384 270 13 6 351 60 9 6580 1 5474 126 358 2126 1601 748 1738 538 112 103 3608 290 3021 2195 7189 4734 6466 102 37 2201 27 8799 2884 107 727 2705 859 9584 1737
65 7421 605 7 88 3677 2016 3009 12 81 181 502 7187 195 222 50 335 167 82 8970 2883 52 238 9693 39 824 58 17 322 967
66 473 3 2 632 1 2945 3193 103 6285 147 5467 12 339 114 4709 367 4374 408 46 171 57 9520 92 21 7007 551 32 5545 78 404 5637 164 11 921 181 49 198 37 378 139 751 126 69
67 20 91 13 207 0 43 19 2649 5 3004 574 1424 65 36 742 1030 257 39 18 55 4 374 8 2928 1325 35 52 40 22 294 12 3663 121 2196 155 6138 1671 5921 1290
68 0 1888 50 217 1 441 71 11 249 5463 33 130 27 512 437 6021 84 7303 133 887 3 142 822 481 2885 1450 93 725 702 66 9 5526
69 85 354 89 77 309 1112 32 2725 512 270 588 318 90 479 804 659 7541 3130 466 42 633 648 6986 2884 258 348 83 107 1005 1482
70 9140 174 2547 90 59 22 5465 86 107 2950 95 62 83 1112 65 266 6763 5 1944 8864 44 12 9 1142 9723 1715 9649 352 374 73 28 329 6030 1934 525 2121 267 484 5150 138
71 204 586 3 22 29 214 452 338 437 4581 16 478 2726 5195 1 1264 680 1867 202 60 15 2611 2236 7 125 85 36 496 7306 2591 1958
72 117 1296 74 4838 856 6229 1288 79 5689 51 6830 241 3203 44 2063 8735 6156 101 2859 54 55 15 9424 206 37 5997 231 2560 397 1436 452 597 481 100 5721 1408 6656 138
73 2708 9739 2 1129 30 317 1062 431 652 98 2643 4151 8378 898 454 899 244 2117 94 131 109 6711 6668 2028 150 5 6589 6735 1751 120 3774 1495
74 181 565 1 143 323 804 29 63 5417 9 283 48 46 1963 312 31 146 91 719 201 199 948 50 241 26 993 2 7 3931 968
75 0 1 4828 144 5233 171 687 8738 1011 37 14 868 157 158 12 5 4342 16 191 192 18 7 402 1251 240 8258 56 69 2919 5954 4151 174 973 911 13 5055 919 6165 1671
76 0 23 12 2 1540 1 1215 80 126 48 16 21 389 260 341 270 49 1615 4 938 3 11 39 756 1027 371 9 6 53 20 10 225 2836 27 8 867 8988 8095 3046
77 1393 208 83 449 3411 806 105 29 1467 1593 1776 65 1114 47 4430 170 969 1319 1333 2398 5286 201 132 2517 1455 52 618 317 501 241 1442 235 6961 69 184 554
78 137 6376 2345 534 68 397 22 1228 4421 1229 91 1012 105 1465 436 5715 89 111 31 668 214 1793 2590 12 10 1186 2292 4124 343 62 102 36 654 432 8 583
79 88 819 2 46 994 461 36 943 32 643 3929 272 160 6450 6565 481 9170 165 1579 30 3247 62 31 113 736 3969 5 553 308 148
80 1137 1 39 20 21 8 0 11 66 3 33 585 257 42 77 641 143 79 1810 2211 75 1003 1004 529 5297 31 19 29 155 2060 968 708
81 4 1138 694 3 206 513 7320 127 10 3199 6842 560 11 9039 200 466 149 72 1375 17 7033 202 160 113 144 3488 265 7859 336 79 451 390 355 1958
82 0 5675 1329 548 249 9252 61 14 309 735 231 360 225 994 1126 155 118 2518 263 6411 3989 22 723 165 3323 13 60 23 1050 570 84 96 2656 6656 3097 138 176
83 25 5016 7 0 13 52 37 423 3327 46 19 3164 6981 2087 8123 2 859 12 6270 6147 546 174 47 2434 4 36 60 2825 2375 6 5268 587 482 2780 3244 968
84 3140 86 9989 7702 683 172 9375 23 8 46 15 367 643 1480 8153 3 1223 2 1707 17 60 43 695 2896 1034 1642 627 10 515 244 48 303 138
85 225 128 6038 2925 10 258 29 9479 2013 996 80 1017 37 441 157 4625 2035 334 78 12 34 220 976 1084 177 396 6234 2886 52 2500 355 58 1222 616 9 65 138 6304
86 2 0 18 3 1 3367 6 1099 222 353 584 206 3526 6450 20 4958 159 3428 2564 48 2552 45 56 1318 817 436 381 419 51 98 708 1310 7055 1502
87 20 4548 435 22 4048 242 216 239 310 149 1799 186 81 277 1009 6881 1021 9 1804 49 8 82 25 5561 62 16 35 2622 161 1390 326 8353 166 632 126
88 0 869 982 150 203 170 17 12 586 42 5731 7 80 4300 137 714 111 67 631 37 7475 747 7481 4 7315 702 2715 74 1177 367 3175 265 977 554 1263
89 42 37 3176 3529 1475 76 914 142 113 128 173 87 10 97 281 13 4486 7 7371 179 4962 49 1734 3983 215 3354 912 121 355 554 867
90 12 1 414 1776 6 330 231 172 4007 6607 2246 61 13 2 4189 16 7245 419 617 3073 76 64 559 5989 2718 261 796 72 1283 1782 34 19 655 679
91 330 1 1935 33 9167 2072 1628 196 104 224 1932 93 101 352 964 2052 8 48 8290 463 2355 82 111 114 1457 1698 2657 180 209 3244 585 1221 1452 5295 948 3684
92 4 194 534 903 10 1358 2463 90 30 235 304 21 6229 232 399 456 735 4394 3843 360 881 176 6284 2963 5604 356 109 1765 50 1427 206 155 2513 138 3097
93 8389 312 111 364 1273 2409 409 1417 470 106 222 5811 970 510 1421 434 91 7726 871 1330 258 109 113 128 9040 163 99 139 9542 849 485 4171
94 569 98 245 1047 13 141 76 1463 938 450 1568 5 20 1241 4712 687 28 51 32 223 2923 183 7003 795 357 17 4285 2729 72 2663 2136 6502 117 103 5933 23 737 199 155
95 116 178 106 248 20 389 1312 2295 2339 57 71 70 183 520 18 156 997 2239 108 105 2731 1092 4851 97 132 3960 103 1698 3228 2603 5633 4106 138
96 2235 368 142 77 1765 542 1049 29 21 237 43 1860 391 1231 546 107 1882 430 187 786 3512 379 82 15 272 799 156 98 961 63 19
97 955 190 1199 5 3771 0 82 54 14 40 2653 8 6379 519 98 4 120 34 520 381 1817 998 5674 20 38 2 17 1494 69 30 983 9691 770 472 1 129 4266 132 1881 1434
98 2 6 341 26 3 434 1069 19 54 139 11 4 6932 2395 8 51 0 9 641 2859 1 134 39 1546 291 795 5478 40 2712 205 15 193 24 3351 72 117 797
99 25 3849 6 2568 7979 187 31 16 43 501 5 1280 130 5407 240 39 712 151 9 387 200 133 105 496 194 6161 87 2721 3182 5313 1239 3008 1954 6402 65 155 138